Build started 11/24/2014 3:41:00 PM.
     1>Project "F:\uwplatt\cs2630\Programs\Prog3\Prog3.vcxproj" on node 2 (Build target(s)).
     1>ClCompile:
         C:\Program Files (x86)\Microsoft Visual Studio 11.0\VC\bin\CL.exe /c /Zi /clr /nologo /W3 /WX- /Od /Oy- /D WIN32 /D _DEBUG /D _UNICODE /D UNICODE /EHa /MDd /GS /fp:precise /Zc:wchar_t /Zc:forScope /Fo"Debug\\" /Fd"Debug\vc110.pdb" /TP /analyze- /errorReport:prompt "C:\Users\John\AppData\Local\Temp\.NETFramework,Version=v4.5.AssemblyAttributes.cpp"
         .NETFramework,Version=v4.5.AssemblyAttributes.cpp
       ResourceCompile:
         C:\Program Files (x86)\Windows Kits\8.0\bin\x86\rc.exe /D _UNICODE /D UNICODE /l"0x0409" /nologo /fo"Debug\Prog3.res" Prog3.rc 
       Link:
         C:\Program Files (x86)\Microsoft Visual Studio 11.0\VC\bin\link.exe /ERRORREPORT:PROMPT /OUT:"F:\uwplatt\cs2630\Programs\Prog3\Debug\Prog3.exe" /INCREMENTAL /NOLOGO /ASSEMBLYRESOURCE:Debug\Prog3.Main.resources /MANIFEST /MANIFESTUAC:"level='asInvoker' uiAccess='false'" /manifest:embed /DEBUG /PDB:"F:\uwplatt\cs2630\Programs\Prog3\Debug\Prog3.pdb" /ASSEMBLYDEBUG /SUBSYSTEM:WINDOWS /TLBID:1 /ENTRY:"main" /DYNAMICBASE /FIXED:NO /NXCOMPAT /MACHINE:X86 Debug\Prog3.res
         Debug\Main.obj
         Debug\VBot.obj
         Debug\VBotChildOne.obj
         Debug\VBotChildThree.obj
         Debug\VBotChildTwo.obj
         Debug\VBotList.obj
         "Debug\.NETFramework,Version=v4.5.AssemblyAttributes.obj"
         Prog3.vcxproj -> F:\uwplatt\cs2630\Programs\Prog3\Debug\Prog3.exe
     1>Done Building Project "F:\uwplatt\cs2630\Programs\Prog3\Prog3.vcxproj" (Build target(s)).

Build succeeded.

Time Elapsed 00:00:08.09
