g:\uwplatt\cs2630\programs\prog3\debug\prog3.main.resources
g:\uwplatt\cs2630\programs\prog3\debug\vc120.pdb
g:\uwplatt\cs2630\programs\prog3\debug\vbotlist.obj
g:\uwplatt\cs2630\programs\prog3\debug\vbotchildtwo.obj
g:\uwplatt\cs2630\programs\prog3\debug\vbotchildthree.obj
g:\uwplatt\cs2630\programs\prog3\debug\vbotchildone.obj
g:\uwplatt\cs2630\programs\prog3\debug\vbot.obj
g:\uwplatt\cs2630\programs\prog3\debug\main.obj
g:\uwplatt\cs2630\programs\prog3\debug\.netframework,version=v4.5.assemblyattributes.obj
g:\uwplatt\cs2630\programs\prog3\debug\prog3.res
g:\uwplatt\cs2630\programs\prog3\debug\prog3.exe
g:\uwplatt\cs2630\programs\prog3\debug\prog3.pdb
g:\uwplatt\cs2630\programs\prog3\debug\prog3.vcxprojresolveassemblyreference.cache
g:\uwplatt\cs2630\programs\prog3\debug\prog3.vcxproj.generateresource.cache
g:\uwplatt\cs2630\programs\prog3\debug\prog3.exe.metagen
g:\uwplatt\cs2630\programs\prog3\debug\prog3.tlog\prog3.write.1u.tlog
g:\uwplatt\cs2630\programs\prog3\debug\prog3.tlog\metagen.write.1.tlog
g:\uwplatt\cs2630\programs\prog3\debug\prog3.tlog\cl.read.1.tlog
g:\uwplatt\cs2630\programs\prog3\debug\prog3.tlog\cl.write.1.tlog
g:\uwplatt\cs2630\programs\prog3\debug\prog3.tlog\cl.command.1.tlog
g:\uwplatt\cs2630\programs\prog3\debug\prog3.tlog\metagen.read.1.tlog
g:\uwplatt\cs2630\programs\prog3\debug\prog3.tlog\rc.read.1.tlog
g:\uwplatt\cs2630\programs\prog3\debug\prog3.tlog\rc.write.1.tlog
g:\uwplatt\cs2630\programs\prog3\debug\prog3.tlog\rc.command.1.tlog
g:\uwplatt\cs2630\programs\prog3\debug\prog3.tlog\link.command.1.tlog
g:\uwplatt\cs2630\programs\prog3\debug\prog3.tlog\link.read.1.tlog
g:\uwplatt\cs2630\programs\prog3\debug\prog3.tlog\link.write.1.tlog
g:\uwplatt\cs2630\programs\prog3\debug\prog3.tlog\tzres.dll.bi
