F:\UWP\CS1430\PROGRAMS\PROG1\DEBUG\PROG1.OBJ
F:\UWP\CS1430\PROGRAMS\PROG1\DEBUG\VC110.PDB
F:\UWP\CS1430\PROGRAMS\PROG1\DEBUG\PROG1.ILK
F:\UWP\CS1430\PROGRAMS\PROG1\DEBUG\PROG1.EXE
F:\UWP\CS1430\PROGRAMS\PROG1\DEBUG\PROG1.PDB
F:\UWP\CS1430\Programs\prog1_2\Debug\prog1.obj
F:\UWP\CS1430\Programs\prog1_2\Debug\prog1.ilk
F:\UWP\CS1430\Programs\prog1_2\Debug\CL.read.1.tlog
F:\UWP\CS1430\Programs\prog1_2\Debug\CL.write.1.tlog
F:\UWP\CS1430\Programs\prog1_2\Debug\cl.command.1.tlog
F:\UWP\CS1430\Programs\prog1_2\Debug\link-rc.read.1.tlog
F:\UWP\CS1430\Programs\prog1_2\Debug\link-rc.write.1.tlog
F:\UWP\CS1430\Programs\prog1_2\Debug\link-cvtres.read.1.tlog
F:\UWP\CS1430\Programs\prog1_2\Debug\link-cvtres.write.1.tlog
F:\UWP\CS1430\Programs\prog1_2\Debug\link.read.1.tlog
F:\UWP\CS1430\Programs\prog1_2\Debug\link.write.1.tlog
F:\UWP\CS1430\Programs\prog1_2\Debug\link.command.1.tlog
F:\UWP\CS1430\Programs\prog1_2\Debug\link.560-rc.read.1.tlog
F:\UWP\CS1430\Programs\prog1_2\Debug\link.688-rc.read.1.tlog
F:\UWP\CS1430\Programs\prog1_2\Debug\link.688-rc.write.1.tlog
F:\UWP\CS1430\Programs\prog1_2\Debug\link.688-cvtres.read.1.tlog
F:\UWP\CS1430\Programs\prog1_2\Debug\link.688-cvtres.write.1.tlog
F:\UWP\CS1430\Programs\prog1_2\Debug\link.688.read.1.tlog
F:\UWP\CS1430\Programs\prog1_2\Debug\link.688.write.1.tlog
F:\UWP\CS1430\Programs\prog1_2\Debug\link.560-rc.write.1.tlog
F:\UWP\CS1430\Programs\prog1_2\Debug\link.4112-rc.read.1.tlog
F:\UWP\CS1430\Programs\prog1_2\Debug\link.4112-rc.write.1.tlog
F:\UWP\CS1430\Programs\prog1_2\Debug\link.4112-cvtres.read.1.tlog
F:\UWP\CS1430\Programs\prog1_2\Debug\link.4112-cvtres.write.1.tlog
F:\UWP\CS1430\Programs\prog1_2\Debug\link.4112.read.1.tlog
F:\UWP\CS1430\Programs\prog1_2\Debug\link.4112.write.1.tlog
F:\UWP\CS1430\Programs\prog1_2\Debug\link.560-cvtres.read.1.tlog
F:\UWP\CS1430\Programs\prog1_2\Debug\link.560-cvtres.write.1.tlog
F:\UWP\CS1430\Programs\prog1_2\Debug\link.560.read.1.tlog
F:\UWP\CS1430\Programs\prog1_2\Debug\link.560.write.1.tlog
F:\UWP\CS1430\Programs\prog1_2\Debug\vc110.idb
F:\UWP\CS1430\Programs\prog1_2\Debug\vc110.pdb
F:\UWP\CS1430\Programs\prog1_2\Debug\prog1.pdb
F:\UWP\CS1430\Programs\prog1_2\Debug\prog1.exe
